\BOOKMARK [1][-]{section.1}{Instalaci\363n de servicios y configuraciones}{}% 1
\BOOKMARK [2][-]{subsection.1.1}{yum}{section.1}% 2
\BOOKMARK [3][-]{subsubsection.1.1.1}{Cuesti\363n 1}{subsection.1.1}% 3
\BOOKMARK [3][-]{subsubsection.1.1.2}{Cuesti\363n 2}{subsection.1.1}% 4
\BOOKMARK [2][-]{subsection.1.2}{apt}{section.1}% 5
\BOOKMARK [3][-]{subsubsection.1.2.1}{Cuesti\363n 3}{subsection.1.2}% 6
\BOOKMARK [3][-]{subsubsection.1.2.2}{Cuesti\363n 4}{subsection.1.2}% 7
\BOOKMARK [2][-]{subsection.1.3}{Windows}{section.1}% 8
\BOOKMARK [2][-]{subsection.1.4}{OpenSuse}{section.1}% 9
\BOOKMARK [3][-]{subsubsection.1.4.1}{Cuesti\363n opcional 1}{subsection.1.4}% 10
\BOOKMARK [1][-]{section.2}{Gesti\363n de los cortafuegos \(firewalls\)}{}% 11
\BOOKMARK [2][-]{subsection.2.1}{Cuesti\363n 5}{section.2}% 12
\BOOKMARK [2][-]{subsection.2.2}{Cuesti\363n 6}{section.2}% 13
\BOOKMARK [2][-]{subsection.2.3}{Cuesti\363n 7}{section.2}% 14
\BOOKMARK [2][-]{subsection.2.4}{Cuesti\363n 8}{section.2}% 15
\BOOKMARK [2][-]{subsection.2.5}{Cuesti\363n 9}{section.2}% 16
\BOOKMARK [3][-]{subsubsection.2.5.1}{Utilidades: screen y terminator}{subsection.2.5}% 17
\BOOKMARK [3][-]{subsubsection.2.5.2}{Un poco de seguridad: fail2ban}{subsection.2.5}% 18
\BOOKMARK [1][-]{section.3}{Instalaci\363n del servicio de acceso remoto a la consola \(Secure Shell\)}{}% 19
\BOOKMARK [1][-]{section.4}{Administraci\363n remota de windows}{}% 20
\BOOKMARK [1][-]{section.5}{Instalaci\363n de un servidor Web b\341sico}{}% 21
\BOOKMARK [2][-]{subsection.5.1}{Instalaci\363n de Apache + MySQL \(o MariaDB\) + PHP \(o Python\) en Linux \(LAMP\)}{section.5}% 22
\BOOKMARK [3][-]{subsubsection.5.1.1}{Cuesti\363n 10}{subsection.5.1}% 23
\BOOKMARK [3][-]{subsubsection.5.1.2}{Cuesti\363n 11}{subsection.5.1}% 24
\BOOKMARK [2][-]{subsection.5.2}{Windows: IIS}{section.5}% 25
\BOOKMARK [3][-]{subsubsection.5.2.1}{Cuesti\363n 12}{subsection.5.2}% 26
\BOOKMARK [2][-]{subsection.5.3}{Windows y otros servidores web}{section.5}% 27
\BOOKMARK [2][-]{subsection.5.4}{Java Servlets}{section.5}% 28
\BOOKMARK [3][-]{subsubsection.5.4.1}{Cuesti\363n opcional 4}{subsection.5.4}% 29
\BOOKMARK [2][-]{subsection.5.5}{Otro tipo de Bases de datos}{section.5}% 30
\BOOKMARK [3][-]{subsubsection.5.5.1}{Cuesti\363n opcional 5}{subsection.5.5}% 31
\BOOKMARK [1][-]{section.6}{Manteniendo los servicios actualizados}{}% 32
\BOOKMARK [2][-]{subsection.6.1}{Cuesti\363n 13}{section.6}% 33
\BOOKMARK [1][-]{section.7}{Administraci\363n web}{}% 34
\BOOKMARK [2][-]{subsection.7.1}{Cuesti\363n 14}{section.7}% 35
\BOOKMARK [2][-]{subsection.7.2}{Cuesti\363n 15}{section.7}% 36
\BOOKMARK [2][-]{subsection.7.3}{M\341s administradores:ISPCONFIG, DIRECTADMIN, CPANEL, PARALLELS PLESK,...}{section.7}% 37
\BOOKMARK [3][-]{subsubsection.7.3.1}{Cuesti\363n 16}{subsection.7.3}% 38
\BOOKMARK [1][-]{section.8}{Automatizaci\363n de tareas con scripts}{}% 39
\BOOKMARK [2][-]{subsection.8.1}{Shells}{section.8}% 40
\BOOKMARK [3][-]{subsubsection.8.1.1}{Cuesti\363n 17}{subsection.8.1}% 41
\BOOKMARK [3][-]{subsubsection.8.1.2}{Cuesti\363n opcional 6}{subsection.8.1}% 42
\BOOKMARK [2][-]{subsection.8.2}{PHP}{section.8}% 43
\BOOKMARK [2][-]{subsection.8.3}{Python}{section.8}% 44
\BOOKMARK [3][-]{subsubsection.8.3.1}{Cuesti\363n 18}{subsection.8.3}% 45
\BOOKMARK [2][-]{subsection.8.4}{Windows PowerShell}{section.8}% 46
\BOOKMARK [3][-]{subsubsection.8.4.1}{Cuesti\363n 19}{subsection.8.4}% 47
\BOOKMARK [2][-]{subsection.8.5}{M\341s automatizaci\363n}{section.8}% 48
